2024-09-13 17:19:47 INFO app Starting MQTT client with client_id=Gaurav_16152 and PID: 16152
2024-09-13 17:19:47 DEBUG paho.mqtt.client Sending CONNECT (u0, p0, wr0, wq0, wf0, c1, k600) client_id=b'Gaurav_16152'
2024-09-13 17:19:47 INFO app App Started Successfully with PID: 16152
2024-09-13 17:19:47 INFO waitress Serving on http://0.0.0.0:5000
2024-09-13 17:19:48 DEBUG paho.mqtt.client Received CONNACK (0, 0)
2024-09-13 17:19:48 INFO app Connected to MQTT broker with result code 0
2024-09-13 17:19:48 DEBUG paho.mqtt.client Sending SUBSCRIBE (d0, m1) [(b'motion/detection', 0)]
2024-09-13 17:19:48 DEBUG paho.mqtt.client Received SUBACK
2024-09-13 17:20:27 INFO app Started motion detection for camera 20.
2024-09-13 17:20:27 INFO app Started motion detection for camera 21.
2024-09-13 17:20:27 INFO app Motion detection tasks started successfully.
2024-09-13 17:20:27 INFO app Starting MQTT client with client_id=Gaurav_15888 and PID: 15888
2024-09-13 17:20:27 INFO app Starting MQTT client with client_id=Gaurav_3080 and PID: 3080
2024-09-13 17:20:28 DEBUG paho.mqtt.client Sending CONNECT (u0, p0, wr0, wq0, wf0, c1, k600) client_id=b'Gaurav_3080'
2024-09-13 17:20:28 DEBUG paho.mqtt.client Sending CONNECT (u0, p0, wr0, wq0, wf0, c1, k600) client_id=b'Gaurav_15888'
2024-09-13 17:20:28 INFO app App Started Successfully with PID: 3080
2024-09-13 17:20:28 INFO app App Started Successfully with PID: 15888
2024-09-13 17:20:28 DEBUG paho.mqtt.client Received CONNACK (0, 0)
2024-09-13 17:20:28 INFO app Connected to MQTT broker with result code 0
2024-09-13 17:20:28 DEBUG paho.mqtt.client Sending SUBSCRIBE (d0, m1) [(b'motion/detection', 0)]
2024-09-13 17:20:28 DEBUG paho.mqtt.client Received CONNACK (0, 0)
2024-09-13 17:20:28 INFO app Connected to MQTT broker with result code 0
2024-09-13 17:20:28 DEBUG paho.mqtt.client Sending SUBSCRIBE (d0, m1) [(b'motion/detection', 0)]
2024-09-13 17:20:28 DEBUG paho.mqtt.client Received SUBACK
2024-09-13 17:20:28 DEBUG paho.mqtt.client Received SUBACK
2024-09-13 17:20:29 INFO app Motion detection started for camera 21.
2024-09-13 17:20:29 INFO app Motion detection started for camera 20.
2024-09-13 17:24:52 ERROR paho.mqtt.client failed to receive on socket: [WinError 10054] An existing connection was forcibly closed by the remote host
2024-09-13 17:24:52 INFO app Disconnected from MQTT broker with result code 7
2024-09-13 17:24:52 WARNING app Unexpected disconnection, reconnecting...
2024-09-13 17:24:52 DEBUG paho.mqtt.client Sending CONNECT (u0, p0, wr0, wq0, wf0, c1, k600) client_id=b'Gaurav_16152'
2024-09-13 17:24:53 DEBUG paho.mqtt.client Sending CONNECT (u0, p0, wr0, wq0, wf0, c1, k600) client_id=b'Gaurav_16152'
2024-09-13 17:24:54 DEBUG paho.mqtt.client Received CONNACK (0, 0)
2024-09-13 17:24:54 INFO app Connected to MQTT broker with result code 0
2024-09-13 17:24:54 DEBUG paho.mqtt.client Sending SUBSCRIBE (d0, m2) [(b'motion/detection', 0)]
2024-09-13 17:24:54 DEBUG paho.mqtt.client Received SUBACK
2024-09-13 17:25:30 ERROR paho.mqtt.client failed to receive on socket: [WinError 10054] An existing connection was forcibly closed by the remote host
2024-09-13 17:25:30 INFO app Disconnected from MQTT broker with result code 7
2024-09-13 17:25:30 WARNING app Unexpected disconnection, reconnecting...
2024-09-13 17:25:30 DEBUG paho.mqtt.client Sending CONNECT (u0, p0, wr0, wq0, wf0, c1, k600) client_id=b'Gaurav_3080'
2024-09-13 17:25:31 ERROR paho.mqtt.client failed to receive on socket: [WinError 10054] An existing connection was forcibly closed by the remote host
2024-09-13 17:25:31 INFO app Disconnected from MQTT broker with result code 7
2024-09-13 17:25:31 WARNING app Unexpected disconnection, reconnecting...
2024-09-13 17:25:31 DEBUG paho.mqtt.client Sending CONNECT (u0, p0, wr0, wq0, wf0, c1, k600) client_id=b'Gaurav_15888'
2024-09-13 17:25:31 DEBUG paho.mqtt.client Sending CONNECT (u0, p0, wr0, wq0, wf0, c1, k600) client_id=b'Gaurav_3080'
2024-09-13 17:25:32 DEBUG paho.mqtt.client Received CONNACK (0, 0)
2024-09-13 17:25:32 INFO app Connected to MQTT broker with result code 0
2024-09-13 17:25:32 DEBUG paho.mqtt.client Sending SUBSCRIBE (d0, m2) [(b'motion/detection', 0)]
2024-09-13 17:25:32 DEBUG paho.mqtt.client Received SUBACK
2024-09-13 17:25:32 DEBUG paho.mqtt.client Sending CONNECT (u0, p0, wr0, wq0, wf0, c1, k600) client_id=b'Gaurav_15888'
2024-09-13 17:25:33 DEBUG paho.mqtt.client Received CONNACK (0, 0)
2024-09-13 17:25:33 INFO app Connected to MQTT broker with result code 0
2024-09-13 17:25:33 DEBUG paho.mqtt.client Sending SUBSCRIBE (d0, m2) [(b'motion/detection', 0)]
2024-09-13 17:25:33 DEBUG paho.mqtt.client Received SUBACK
2024-09-13 17:29:59 ERROR paho.mqtt.client failed to receive on socket: [WinError 10054] An existing connection was forcibly closed by the remote host
2024-09-13 17:29:59 INFO app Disconnected from MQTT broker with result code 7
2024-09-13 17:29:59 WARNING app Unexpected disconnection, reconnecting...
2024-09-13 17:29:59 DEBUG paho.mqtt.client Sending CONNECT (u0, p0, wr0, wq0, wf0, c1, k600) client_id=b'Gaurav_16152'
2024-09-13 17:30:00 DEBUG paho.mqtt.client Sending CONNECT (u0, p0, wr0, wq0, wf0, c1, k600) client_id=b'Gaurav_16152'
2024-09-13 17:30:01 DEBUG paho.mqtt.client Received CONNACK (0, 0)
2024-09-13 17:30:01 INFO app Connected to MQTT broker with result code 0
2024-09-13 17:30:01 DEBUG paho.mqtt.client Sending SUBSCRIBE (d0, m3) [(b'motion/detection', 0)]
2024-09-13 17:30:01 DEBUG paho.mqtt.client Received SUBACK
2024-09-13 17:30:34 ERROR paho.mqtt.client failed to receive on socket: [WinError 10054] An existing connection was forcibly closed by the remote host
2024-09-13 17:30:34 INFO app Disconnected from MQTT broker with result code 7
2024-09-13 17:30:34 WARNING app Unexpected disconnection, reconnecting...
2024-09-13 17:30:35 DEBUG paho.mqtt.client Sending CONNECT (u0, p0, wr0, wq0, wf0, c1, k600) client_id=b'Gaurav_15888'
2024-09-13 17:30:35 ERROR paho.mqtt.client failed to receive on socket: [WinError 10054] An existing connection was forcibly closed by the remote host
2024-09-13 17:30:35 INFO app Disconnected from MQTT broker with result code 7
2024-09-13 17:30:35 WARNING app Unexpected disconnection, reconnecting...
2024-09-13 17:30:35 DEBUG paho.mqtt.client Sending CONNECT (u0, p0, wr0, wq0, wf0, c1, k600) client_id=b'Gaurav_3080'
2024-09-13 17:30:36 DEBUG paho.mqtt.client Sending CONNECT (u0, p0, wr0, wq0, wf0, c1, k600) client_id=b'Gaurav_15888'
2024-09-13 17:30:37 DEBUG paho.mqtt.client Received CONNACK (0, 0)
2024-09-13 17:30:37 INFO app Connected to MQTT broker with result code 0
2024-09-13 17:30:37 DEBUG paho.mqtt.client Sending SUBSCRIBE (d0, m3) [(b'motion/detection', 0)]
2024-09-13 17:30:37 DEBUG paho.mqtt.client Sending CONNECT (u0, p0, wr0, wq0, wf0, c1, k600) client_id=b'Gaurav_3080'
2024-09-13 17:30:37 DEBUG paho.mqtt.client Received SUBACK
2024-09-13 17:30:37 DEBUG paho.mqtt.client Received CONNACK (0, 0)
2024-09-13 17:30:37 INFO app Connected to MQTT broker with result code 0
2024-09-13 17:30:37 DEBUG paho.mqtt.client Sending SUBSCRIBE (d0, m3) [(b'motion/detection', 0)]
2024-09-13 17:30:38 DEBUG paho.mqtt.client Received SUBACK
2024-09-13 17:31:33 INFO app Stopped motion detection for camera 20.
2024-09-13 17:31:33 INFO app Stopped motion detection for camera 21.
2024-09-13 17:31:33 INFO app Motion detection stopped for cameras: [20, 21]
2024-09-13 17:33:25 INFO app Starting MQTT client with client_id=Gaurav_7380 and PID: 7380
2024-09-13 17:33:25 DEBUG paho.mqtt.client Sending CONNECT (u0, p0, wr0, wq0, wf0, c1, k600) client_id=b'Gaurav_7380'
2024-09-13 17:33:25 INFO app App Started Successfully with PID: 7380
2024-09-13 17:33:25 INFO waitress Serving on http://0.0.0.0:5000
2024-09-13 17:33:26 DEBUG paho.mqtt.client Received CONNACK (0, 0)
2024-09-13 17:33:26 INFO app Connected to MQTT broker with result code 0
2024-09-13 17:33:26 DEBUG paho.mqtt.client Sending SUBSCRIBE (d0, m1) [(b'motion/detection', 0)]
2024-09-13 17:33:26 DEBUG paho.mqtt.client Received SUBACK
2024-09-13 17:34:10 INFO app Started motion detection for camera 20.
2024-09-13 17:34:10 INFO app Started motion detection for camera 21.
2024-09-13 17:34:10 INFO app Motion detection tasks started successfully.
2024-09-13 17:34:10 INFO app Starting MQTT client with client_id=Gaurav_2596 and PID: 2596
2024-09-13 17:34:10 INFO app Starting MQTT client with client_id=Gaurav_732 and PID: 732
2024-09-13 17:34:10 DEBUG paho.mqtt.client Sending CONNECT (u0, p0, wr0, wq0, wf0, c1, k600) client_id=b'Gaurav_732'
2024-09-13 17:34:10 INFO app App Started Successfully with PID: 732
2024-09-13 17:34:10 DEBUG paho.mqtt.client Sending CONNECT (u0, p0, wr0, wq0, wf0, c1, k600) client_id=b'Gaurav_2596'
2024-09-13 17:34:10 INFO app App Started Successfully with PID: 2596
2024-09-13 17:34:11 DEBUG paho.mqtt.client Received CONNACK (0, 0)
2024-09-13 17:34:11 INFO app Connected to MQTT broker with result code 0
2024-09-13 17:34:11 DEBUG paho.mqtt.client Sending SUBSCRIBE (d0, m1) [(b'motion/detection', 0)]
2024-09-13 17:34:11 DEBUG paho.mqtt.client Received CONNACK (0, 0)
2024-09-13 17:34:11 INFO app Connected to MQTT broker with result code 0
2024-09-13 17:34:11 DEBUG paho.mqtt.client Sending SUBSCRIBE (d0, m1) [(b'motion/detection', 0)]
2024-09-13 17:34:11 DEBUG paho.mqtt.client Received SUBACK
2024-09-13 17:34:11 DEBUG paho.mqtt.client Received SUBACK
2024-09-13 17:34:12 INFO app Motion detection started for camera 20.
2024-09-13 17:34:12 INFO app Motion detection started for camera 21.
2024-09-13 17:36:01 INFO app Motion detected for camera 20. Capturing image and video.
2024-09-13 17:36:01 INFO app Motion detected for camera 21. Capturing image and video.
2024-09-13 17:36:01 INFO app Image captured and saved to images\Images_20240913_173601.jpg
2024-09-13 17:36:01 INFO app Image captured and saved to images\Images_20240913_173601.jpg
2024-09-13 17:36:08 INFO app Video captured and saved to videos\Videos_20240913_173601.mp4
2024-09-13 17:36:08 INFO app Video captured and saved to videos\Videos_20240913_173601.mp4
2024-09-13 17:36:08 ERROR app Error publishing MQTT message: publish_message() missing 4 required positional arguments: 'rtsp_url', 'camera_id', 'image_filename', and 'video_filename'
Traceback (most recent call last):
  File "C:\Users\Dell\Desktop\Gaurav\Integration\app\utils.py", line 66, in publish_message
    mqtt_publish(json.dumps(message))
TypeError: publish_message() missing 4 required positional arguments: 'rtsp_url', 'camera_id', 'image_filename', and 'video_filename'
2024-09-13 17:36:08 ERROR app Error publishing MQTT message: publish_message() missing 4 required positional arguments: 'rtsp_url', 'camera_id', 'image_filename', and 'video_filename'
Traceback (most recent call last):
  File "C:\Users\Dell\Desktop\Gaurav\Integration\app\utils.py", line 66, in publish_message
    mqtt_publish(json.dumps(message))
TypeError: publish_message() missing 4 required positional arguments: 'rtsp_url', 'camera_id', 'image_filename', and 'video_filename'
2024-09-13 17:36:08 ERROR app Error during motion detection for camera 20: publish_message() missing 4 required positional arguments: 'rtsp_url', 'camera_id', 'image_filename', and 'video_filename'
Traceback (most recent call last):
  File "C:\Users\Dell\Desktop\Gaurav\Integration\app\motion_detector.py", line 129, in detect_motion
    publish_message(motion_type, rtsp_url, camera_id, image_filename, video_filename)
  File "C:\Users\Dell\Desktop\Gaurav\Integration\app\utils.py", line 66, in publish_message
    mqtt_publish(json.dumps(message))
TypeError: publish_message() missing 4 required positional arguments: 'rtsp_url', 'camera_id', 'image_filename', and 'video_filename'
2024-09-13 17:36:08 ERROR app Error during motion detection for camera 21: publish_message() missing 4 required positional arguments: 'rtsp_url', 'camera_id', 'image_filename', and 'video_filename'
Traceback (most recent call last):
  File "C:\Users\Dell\Desktop\Gaurav\Integration\app\motion_detector.py", line 129, in detect_motion
    publish_message(motion_type, rtsp_url, camera_id, image_filename, video_filename)
  File "C:\Users\Dell\Desktop\Gaurav\Integration\app\utils.py", line 66, in publish_message
    mqtt_publish(json.dumps(message))
TypeError: publish_message() missing 4 required positional arguments: 'rtsp_url', 'camera_id', 'image_filename', and 'video_filename'
2024-09-13 17:36:08 ERROR app Error: Motion detection failed for camera 20: publish_message() missing 4 required positional arguments: 'rtsp_url', 'camera_id', 'image_filename', and 'video_filename'
2024-09-13 17:36:08 ERROR app Error: Motion detection failed for camera 21: publish_message() missing 4 required positional arguments: 'rtsp_url', 'camera_id', 'image_filename', and 'video_filename'
2024-09-13 17:38:30 ERROR paho.mqtt.client failed to receive on socket: [WinError 10054] An existing connection was forcibly closed by the remote host
2024-09-13 17:38:30 INFO app Disconnected from MQTT broker with result code 7
2024-09-13 17:38:30 WARNING app Unexpected disconnection, reconnecting...
2024-09-13 17:38:31 DEBUG paho.mqtt.client Sending CONNECT (u0, p0, wr0, wq0, wf0, c1, k600) client_id=b'Gaurav_7380'
2024-09-13 17:38:32 DEBUG paho.mqtt.client Sending CONNECT (u0, p0, wr0, wq0, wf0, c1, k600) client_id=b'Gaurav_7380'
2024-09-13 17:38:32 DEBUG paho.mqtt.client Received CONNACK (0, 0)
2024-09-13 17:38:32 INFO app Connected to MQTT broker with result code 0
2024-09-13 17:38:32 DEBUG paho.mqtt.client Sending SUBSCRIBE (d0, m2) [(b'motion/detection', 0)]
2024-09-13 17:38:33 DEBUG paho.mqtt.client Received SUBACK
2024-09-13 17:43:39 ERROR paho.mqtt.client failed to receive on socket: [WinError 10054] An existing connection was forcibly closed by the remote host
2024-09-13 17:43:39 INFO app Disconnected from MQTT broker with result code 7
2024-09-13 17:43:39 WARNING app Unexpected disconnection, reconnecting...
2024-09-13 17:43:39 DEBUG paho.mqtt.client Sending CONNECT (u0, p0, wr0, wq0, wf0, c1, k600) client_id=b'Gaurav_7380'
2024-09-13 17:43:40 DEBUG paho.mqtt.client Sending CONNECT (u0, p0, wr0, wq0, wf0, c1, k600) client_id=b'Gaurav_7380'
2024-09-13 17:43:41 DEBUG paho.mqtt.client Received CONNACK (0, 0)
2024-09-13 17:43:41 INFO app Connected to MQTT broker with result code 0
2024-09-13 17:43:41 DEBUG paho.mqtt.client Sending SUBSCRIBE (d0, m3) [(b'motion/detection', 0)]
2024-09-13 17:43:41 DEBUG paho.mqtt.client Received SUBACK
2024-09-13 17:48:43 ERROR paho.mqtt.client failed to receive on socket: [WinError 10054] An existing connection was forcibly closed by the remote host
2024-09-13 17:48:43 INFO app Disconnected from MQTT broker with result code 7
2024-09-13 17:48:43 WARNING app Unexpected disconnection, reconnecting...
2024-09-13 17:48:43 DEBUG paho.mqtt.client Sending CONNECT (u0, p0, wr0, wq0, wf0, c1, k600) client_id=b'Gaurav_7380'
2024-09-13 17:48:44 DEBUG paho.mqtt.client Sending CONNECT (u0, p0, wr0, wq0, wf0, c1, k600) client_id=b'Gaurav_7380'
2024-09-13 17:48:45 DEBUG paho.mqtt.client Received CONNACK (0, 0)
2024-09-13 17:48:45 INFO app Connected to MQTT broker with result code 0
2024-09-13 17:48:45 DEBUG paho.mqtt.client Sending SUBSCRIBE (d0, m4) [(b'motion/detection', 0)]
2024-09-13 17:48:45 DEBUG paho.mqtt.client Received SUBACK
2024-09-13 17:53:48 ERROR paho.mqtt.client failed to receive on socket: [WinError 10054] An existing connection was forcibly closed by the remote host
2024-09-13 17:53:48 INFO app Disconnected from MQTT broker with result code 7
2024-09-13 17:53:48 WARNING app Unexpected disconnection, reconnecting...
2024-09-13 17:53:49 DEBUG paho.mqtt.client Sending CONNECT (u0, p0, wr0, wq0, wf0, c1, k600) client_id=b'Gaurav_7380'
2024-09-13 17:53:51 DEBUG paho.mqtt.client Sending CONNECT (u0, p0, wr0, wq0, wf0, c1, k600) client_id=b'Gaurav_7380'
2024-09-13 17:53:51 DEBUG paho.mqtt.client Received CONNACK (0, 0)
2024-09-13 17:53:51 INFO app Connected to MQTT broker with result code 0
2024-09-13 17:53:51 DEBUG paho.mqtt.client Sending SUBSCRIBE (d0, m5) [(b'motion/detection', 0)]
2024-09-13 17:53:52 DEBUG paho.mqtt.client Received SUBACK
2024-09-13 17:58:59 ERROR paho.mqtt.client failed to receive on socket: [WinError 10054] An existing connection was forcibly closed by the remote host
2024-09-13 17:58:59 INFO app Disconnected from MQTT broker with result code 7
2024-09-13 17:58:59 WARNING app Unexpected disconnection, reconnecting...
2024-09-13 17:58:59 DEBUG paho.mqtt.client Sending CONNECT (u0, p0, wr0, wq0, wf0, c1, k600) client_id=b'Gaurav_7380'
2024-09-13 17:59:00 DEBUG paho.mqtt.client Sending CONNECT (u0, p0, wr0, wq0, wf0, c1, k600) client_id=b'Gaurav_7380'
2024-09-13 17:59:01 DEBUG paho.mqtt.client Received CONNACK (0, 0)
2024-09-13 17:59:01 INFO app Connected to MQTT broker with result code 0
2024-09-13 17:59:01 DEBUG paho.mqtt.client Sending SUBSCRIBE (d0, m6) [(b'motion/detection', 0)]
2024-09-13 17:59:01 DEBUG paho.mqtt.client Received SUBACK
2024-09-13 18:04:05 ERROR paho.mqtt.client failed to receive on socket: [WinError 10054] An existing connection was forcibly closed by the remote host
2024-09-13 18:04:05 INFO app Disconnected from MQTT broker with result code 7
2024-09-13 18:04:05 WARNING app Unexpected disconnection, reconnecting...
2024-09-13 18:04:06 DEBUG paho.mqtt.client Sending CONNECT (u0, p0, wr0, wq0, wf0, c1, k600) client_id=b'Gaurav_7380'
2024-09-13 18:04:07 DEBUG paho.mqtt.client Sending CONNECT (u0, p0, wr0, wq0, wf0, c1, k600) client_id=b'Gaurav_7380'
2024-09-13 18:04:07 DEBUG paho.mqtt.client Received CONNACK (0, 0)
2024-09-13 18:04:07 INFO app Connected to MQTT broker with result code 0
2024-09-13 18:04:07 DEBUG paho.mqtt.client Sending SUBSCRIBE (d0, m7) [(b'motion/detection', 0)]
2024-09-13 18:04:08 DEBUG paho.mqtt.client Received SUBACK
2024-09-13 18:09:13 ERROR paho.mqtt.client failed to receive on socket: [WinError 10054] An existing connection was forcibly closed by the remote host
2024-09-13 18:09:13 INFO app Disconnected from MQTT broker with result code 7
2024-09-13 18:09:13 WARNING app Unexpected disconnection, reconnecting...
2024-09-13 18:09:13 DEBUG paho.mqtt.client Sending CONNECT (u0, p0, wr0, wq0, wf0, c1, k600) client_id=b'Gaurav_7380'
2024-09-13 18:09:14 DEBUG paho.mqtt.client Sending CONNECT (u0, p0, wr0, wq0, wf0, c1, k600) client_id=b'Gaurav_7380'
2024-09-13 18:09:15 DEBUG paho.mqtt.client Received CONNACK (0, 0)
2024-09-13 18:09:15 INFO app Connected to MQTT broker with result code 0
2024-09-13 18:09:15 DEBUG paho.mqtt.client Sending SUBSCRIBE (d0, m8) [(b'motion/detection', 0)]
2024-09-13 18:09:15 DEBUG paho.mqtt.client Received SUBACK
2024-09-13 18:14:18 ERROR paho.mqtt.client failed to receive on socket: [WinError 10054] An existing connection was forcibly closed by the remote host
2024-09-13 18:14:18 INFO app Disconnected from MQTT broker with result code 7
2024-09-13 18:14:18 WARNING app Unexpected disconnection, reconnecting...
2024-09-13 18:14:19 DEBUG paho.mqtt.client Sending CONNECT (u0, p0, wr0, wq0, wf0, c1, k600) client_id=b'Gaurav_7380'
2024-09-13 18:14:20 DEBUG paho.mqtt.client Sending CONNECT (u0, p0, wr0, wq0, wf0, c1, k600) client_id=b'Gaurav_7380'
2024-09-13 18:14:21 DEBUG paho.mqtt.client Received CONNACK (0, 0)
2024-09-13 18:14:21 INFO app Connected to MQTT broker with result code 0
2024-09-13 18:14:21 DEBUG paho.mqtt.client Sending SUBSCRIBE (d0, m9) [(b'motion/detection', 0)]
2024-09-13 18:14:21 DEBUG paho.mqtt.client Received SUBACK
2024-09-13 18:19:24 ERROR paho.mqtt.client failed to receive on socket: [WinError 10054] An existing connection was forcibly closed by the remote host
2024-09-13 18:19:24 INFO app Disconnected from MQTT broker with result code 7
2024-09-13 18:19:24 WARNING app Unexpected disconnection, reconnecting...
2024-09-13 18:19:24 DEBUG paho.mqtt.client Sending CONNECT (u0, p0, wr0, wq0, wf0, c1, k600) client_id=b'Gaurav_7380'
2024-09-13 18:19:25 DEBUG paho.mqtt.client Sending CONNECT (u0, p0, wr0, wq0, wf0, c1, k600) client_id=b'Gaurav_7380'
2024-09-13 18:19:26 DEBUG paho.mqtt.client Received CONNACK (0, 0)
2024-09-13 18:19:26 INFO app Connected to MQTT broker with result code 0
2024-09-13 18:19:26 DEBUG paho.mqtt.client Sending SUBSCRIBE (d0, m10) [(b'motion/detection', 0)]
2024-09-13 18:19:26 DEBUG paho.mqtt.client Received SUBACK
2024-09-13 18:24:26 ERROR paho.mqtt.client failed to receive on socket: [WinError 10054] An existing connection was forcibly closed by the remote host
2024-09-13 18:24:26 INFO app Disconnected from MQTT broker with result code 7
2024-09-13 18:24:26 WARNING app Unexpected disconnection, reconnecting...
2024-09-13 18:24:27 DEBUG paho.mqtt.client Sending CONNECT (u0, p0, wr0, wq0, wf0, c1, k600) client_id=b'Gaurav_7380'
2024-09-13 18:24:28 DEBUG paho.mqtt.client Sending CONNECT (u0, p0, wr0, wq0, wf0, c1, k600) client_id=b'Gaurav_7380'
2024-09-13 18:24:28 DEBUG paho.mqtt.client Received CONNACK (0, 0)
2024-09-13 18:24:28 INFO app Connected to MQTT broker with result code 0
2024-09-13 18:24:28 DEBUG paho.mqtt.client Sending SUBSCRIBE (d0, m11) [(b'motion/detection', 0)]
2024-09-13 18:24:29 DEBUG paho.mqtt.client Received SUBACK
2024-09-13 18:29:32 ERROR paho.mqtt.client failed to receive on socket: [WinError 10054] An existing connection was forcibly closed by the remote host
2024-09-13 18:29:32 INFO app Disconnected from MQTT broker with result code 7
2024-09-13 18:29:32 WARNING app Unexpected disconnection, reconnecting...
2024-09-13 18:29:32 DEBUG paho.mqtt.client Sending CONNECT (u0, p0, wr0, wq0, wf0, c1, k600) client_id=b'Gaurav_7380'
2024-09-13 18:29:34 DEBUG paho.mqtt.client Sending CONNECT (u0, p0, wr0, wq0, wf0, c1, k600) client_id=b'Gaurav_7380'
2024-09-13 18:29:34 DEBUG paho.mqtt.client Received CONNACK (0, 0)
2024-09-13 18:29:34 INFO app Connected to MQTT broker with result code 0
2024-09-13 18:29:34 DEBUG paho.mqtt.client Sending SUBSCRIBE (d0, m12) [(b'motion/detection', 0)]
2024-09-13 18:29:34 DEBUG paho.mqtt.client Received SUBACK
2024-09-13 18:34:42 ERROR paho.mqtt.client failed to receive on socket: [WinError 10054] An existing connection was forcibly closed by the remote host
2024-09-13 18:34:42 INFO app Disconnected from MQTT broker with result code 7
2024-09-13 18:34:42 WARNING app Unexpected disconnection, reconnecting...
2024-09-13 18:34:42 DEBUG paho.mqtt.client Sending CONNECT (u0, p0, wr0, wq0, wf0, c1, k600) client_id=b'Gaurav_7380'
2024-09-13 18:34:43 DEBUG paho.mqtt.client Sending CONNECT (u0, p0, wr0, wq0, wf0, c1, k600) client_id=b'Gaurav_7380'
2024-09-13 18:34:44 DEBUG paho.mqtt.client Received CONNACK (0, 0)
2024-09-13 18:34:44 INFO app Connected to MQTT broker with result code 0
2024-09-13 18:34:44 DEBUG paho.mqtt.client Sending SUBSCRIBE (d0, m13) [(b'motion/detection', 0)]
2024-09-13 18:34:44 DEBUG paho.mqtt.client Received SUBACK
